irun(64): 15.20-s051: (c) Copyright 1995-2018 Cadence Design Systems, Inc.
TOOL:	irun(64)	15.20-s051: Started on Feb 10, 2019 at 00:57:49 IST
irun
	-access +rwc
	pri_ckt.v
	pri_enco_8_3.v
	bin_enco.v
	pri_enco_8_3_tb.v
Recompiling... reason: file './pri_enco_8_3_tb.v' is newer than expected.
	expected: Sun Feb 10 00:56:22 2019
	actual:   Sun Feb 10 00:57:46 2019
file: pri_enco_8_3_tb.v
	module worklib.pri_enco_tb:v
		errors: 0, warnings: 0
		Caching library 'worklib' ....... Done
	Elaborating the design hierarchy:
	Top level design units:
		pri_enco_tb
	Building instance overlay tables: .................... Done
	Generating native compiled code:
		worklib.pri_enco_tb:v <0x314a4916>
			streams:   4, words:  4465
	Building instance specific data structures.
	Loading native compiled code:     .................... Done
	Design hierarchy summary:
		              Instances  Unique
		Modules:              4       4
		Registers:            2       2
		Scalar wires:        12       -
		Vectored wires:       1       -
		Initial blocks:       2       2
		Cont. assignments:    2      12
		Pseudo assignments:   1       1
	Writing initial simulation snapshot: worklib.pri_enco_tb:v
Loading snapshot worklib.pri_enco_tb:v .................... Done
ncsim> source /tools/cadence/INCISIVE152/tools/inca/files/ncsimrc
ncsim> run
Simulation complete via $finish(1) at time 2560 NS + 0
./pri_enco_8_3_tb.v:15     $finish;
ncsim> exit
TOOL:	irun(64)	15.20-s051: Exiting on Feb 10, 2019 at 00:57:50 IST  (total: 00:00:01)
