irun(64): 15.20-s051: (c) Copyright 1995-2018 Cadence Design Systems, Inc.
TOOL:	irun(64)	15.20-s051: Started on Feb 11, 2019 at 00:00:43 IST
irun
	-access +rwc
	tff.v
	dff.v
	tff_tb.v
	-seed 100
Recompiling... reason: file './dff.v' is newer than expected.
	expected: Sun Feb 10 23:52:05 2019
	actual:   Mon Feb 11 00:00:40 2019
file: dff.v
	module worklib.dff:v
		errors: 0, warnings: 0
		Caching library 'worklib' ....... Done
	Elaborating the design hierarchy:
	Top level design units:
		tff_tb
	Building instance overlay tables: .................... Done
	Generating native compiled code:
		worklib.dff:v <0x32a62b50>
			streams:   4, words:   986
	Building instance specific data structures.
	Loading native compiled code:     .................... Done
	Design hierarchy summary:
		             Instances  Unique
		Modules:             3       3
		Registers:           5       5
		Scalar wires:        9       -
		Always blocks:       2       2
		Initial blocks:      3       3
		Cont. assignments:   1       3
		Pseudo assignments:  3       3
	Writing initial simulation snapshot: worklib.tff_tb:v
Loading snapshot worklib.tff_tb:v .................... Done
ncsim> source /tools/cadence/INCISIVE152/tools/inca/files/ncsimrc
ncsim> run
t=0,clk=0,rst=0,q=0,qbar=1
t=0,clk=1,rst=1,q=0,qbar=1
t=0,clk=0,rst=1,q=0,qbar=1
t=1,clk=1,rst=0,q=x,qbar=x
t=1,clk=0,rst=0,q=x,qbar=x
t=1,clk=1,rst=0,q=x,qbar=x
t=1,clk=0,rst=0,q=x,qbar=x
t=1,clk=1,rst=0,q=x,qbar=x
t=1,clk=0,rst=0,q=x,qbar=x
t=1,clk=1,rst=0,q=x,qbar=x
t=1,clk=0,rst=0,q=x,qbar=x
t=1,clk=1,rst=0,q=x,qbar=x
t=1,clk=0,rst=0,q=x,qbar=x
t=0,clk=1,rst=0,q=x,qbar=x
t=0,clk=0,rst=0,q=x,qbar=x
t=0,clk=1,rst=0,q=x,qbar=x
t=0,clk=0,rst=0,q=x,qbar=x
t=0,clk=1,rst=0,q=x,qbar=x
t=0,clk=0,rst=0,q=x,qbar=x
t=0,clk=1,rst=0,q=x,qbar=x
t=0,clk=0,rst=0,q=x,qbar=x
t=0,clk=1,rst=0,q=x,qbar=x
t=0,clk=0,rst=0,q=x,qbar=x
t=0,clk=1,rst=0,q=x,qbar=x
t=0,clk=0,rst=0,q=x,qbar=x
t=0,clk=1,rst=0,q=x,qbar=x
t=0,clk=0,rst=0,q=x,qbar=x
t=0,clk=1,rst=0,q=x,qbar=x
t=0,clk=0,rst=0,q=x,qbar=x
t=0,clk=1,rst=0,q=x,qbar=x
t=0,clk=0,rst=0,q=x,qbar=x
t=0,clk=1,rst=0,q=x,qbar=x
t=0,clk=0,rst=0,q=x,qbar=x
Simulation complete via $finish(1) at time 170 NS + 0
./tff_tb.v:42     $finish;
ncsim> exit
TOOL:	irun(64)	15.20-s051: Exiting on Feb 11, 2019 at 00:00:43 IST  (total: 00:00:00)
