irun(64): 15.20-s051: (c) Copyright 1995-2018 Cadence Design Systems, Inc.
TOOL:	irun(64)	15.20-s051: Started on Feb 10, 2019 at 21:48:12 IST
irun
	-access +rwc
	sr_ff.v
	sr_ff_tb.v
Recompiling... reason: file './sr_ff.v' is newer than expected.
	expected: Sun Feb 10 21:44:42 2019
	actual:   Sun Feb 10 21:48:09 2019
file: sr_ff.v
	module worklib.sr_ff:v
		errors: 0, warnings: 0
		Caching library 'worklib' ....... Done
	Elaborating the design hierarchy:
	Top level design units:
		sr_ff_tb
	Building instance overlay tables: .................... Done
	Generating native compiled code:
		worklib.sr_ff:v <0x2bd14822>
			streams:   8, words:  2956
	Building instance specific data structures.
	Loading native compiled code:     .................... Done
	Design hierarchy summary:
		             Instances  Unique
		Modules:             2       2
		Registers:           7       7
		Scalar wires:        5       -
		Always blocks:       2       2
		Initial blocks:      4       4
		Pseudo assignments:  3       3
	Writing initial simulation snapshot: worklib.sr_ff_tb:v
Loading snapshot worklib.sr_ff_tb:v .................... Done
ncsim> source /tools/cadence/INCISIVE152/tools/inca/files/ncsimrc
ncsim> run
clk=0,s=0,r=0,q=0,qbar=0
clk=1,s=0,r=1,q=0,qbar=1
clk=0,s=0,r=1,q=0,qbar=1
clk=1,s=1,r=1,q=x,qbar=x
clk=0,s=1,r=1,q=x,qbar=x
clk=1,s=1,r=1,q=x,qbar=x
clk=0,s=1,r=1,q=x,qbar=x
clk=1,s=1,r=0,q=1,qbar=0
clk=0,s=1,r=0,q=1,qbar=0
clk=1,s=1,r=0,q=1,qbar=0
clk=0,s=1,r=0,q=1,qbar=0
clk=1,s=1,r=0,q=1,qbar=0
clk=0,s=1,r=0,q=1,qbar=0
clk=1,s=1,r=0,q=1,qbar=0
clk=0,s=1,r=0,q=1,qbar=0
clk=1,s=1,r=0,q=1,qbar=0
clk=0,s=1,r=0,q=1,qbar=0
clk=1,s=1,r=0,q=1,qbar=0
clk=0,s=1,r=0,q=1,qbar=0
clk=1,s=1,r=0,q=1,qbar=0
clk=0,s=1,r=0,q=1,qbar=0
clk=1,s=1,r=0,q=1,qbar=0
clk=0,s=1,r=0,q=1,qbar=0
clk=1,s=1,r=0,q=1,qbar=0
clk=0,s=1,r=0,q=1,qbar=0
clk=1,s=1,r=0,q=1,qbar=0
clk=0,s=1,r=0,q=1,qbar=0
Simulation complete via $finish(1) at time 140 NS + 0
./sr_ff_tb.v:32     $finish;
ncsim> exit
TOOL:	irun(64)	15.20-s051: Exiting on Feb 10, 2019 at 21:48:12 IST  (total: 00:00:00)
